Determining if the pthread_create exist failed with the following output:
Change Dir: /share/rgbd_slam_lecture/BundleAdjustment/build/CMakeFiles/CMakeTmp

Run Build Command:"/usr/bin/make" "cmTC_68615/fast"
/usr/bin/make -f CMakeFiles/cmTC_68615.dir/build.make CMakeFiles/cmTC_68615.dir/build
make[1]: Entering directory '/share/rgbd_slam_lecture/BundleAdjustment/build/CMakeFiles/CMakeTmp'
Building C object CMakeFiles/cmTC_68615.dir/CheckSymbolExists.c.o
/usr/bin/cc    -o CMakeFiles/cmTC_68615.dir/CheckSymbolExists.c.o   -c /share/rgbd_slam_lecture/BundleAdjustment/build/CMakeFiles/CMakeTmp/CheckSymbolExists.c
Linking C executable cmTC_68615
/usr/bin/cmake -E cmake_link_script CMakeFiles/cmTC_68615.dir/link.txt --verbose=1
/usr/bin/cc      -rdynamic CMakeFiles/cmTC_68615.dir/CheckSymbolExists.c.o  -o cmTC_68615 
CMakeFiles/cmTC_68615.dir/CheckSymbolExists.c.o: In function `main':
CheckSymbolExists.c:(.text+0x14): undefined reference to `pthread_create'
CheckSymbolExists.c:(.text+0x18): undefined reference to `pthread_create'
collect2: error: ld returned 1 exit status
CMakeFiles/cmTC_68615.dir/build.make:97: recipe for target 'cmTC_68615' failed
make[1]: *** [cmTC_68615] Error 1
make[1]: Leaving directory '/share/rgbd_slam_lecture/BundleAdjustment/build/CMakeFiles/CMakeTmp'
Makefile:126: recipe for target 'cmTC_68615/fast' failed
make: *** [cmTC_68615/fast] Error 2

File /share/rgbd_slam_lecture/BundleAdjustment/build/CMakeFiles/CMakeTmp/CheckSymbolExists.c:
/* */
#include <pthread.h>

int main(int argc, char** argv)
{
  (void)argv;
#ifndef pthread_create
  return ((int*)(&pthread_create))[argc];
#else
  (void)argc;
  return 0;
#endif
}

Determining if the function pthread_create exists in the pthreads failed with the following output:
Change Dir: /share/rgbd_slam_lecture/BundleAdjustment/build/CMakeFiles/CMakeTmp

Run Build Command:"/usr/bin/make" "cmTC_f2f82/fast"
/usr/bin/make -f CMakeFiles/cmTC_f2f82.dir/build.make CMakeFiles/cmTC_f2f82.dir/build
make[1]: Entering directory '/share/rgbd_slam_lecture/BundleAdjustment/build/CMakeFiles/CMakeTmp'
Building C object CMakeFiles/cmTC_f2f82.dir/CheckFunctionExists.c.o
/usr/bin/cc   -DCHECK_FUNCTION_EXISTS=pthread_create   -o CMakeFiles/cmTC_f2f82.dir/CheckFunctionExists.c.o   -c /usr/share/cmake-3.10/Modules/CheckFunctionExists.c
Linking C executable cmTC_f2f82
/usr/bin/cmake -E cmake_link_script CMakeFiles/cmTC_f2f82.dir/link.txt --verbose=1
/usr/bin/cc  -DCHECK_FUNCTION_EXISTS=pthread_create    -rdynamic CMakeFiles/cmTC_f2f82.dir/CheckFunctionExists.c.o  -o cmTC_f2f82 -lpthreads 
/usr/bin/ld: cannot find -lpthreads
collect2: error: ld returned 1 exit status
CMakeFiles/cmTC_f2f82.dir/build.make:97: recipe for target 'cmTC_f2f82' failed
make[1]: *** [cmTC_f2f82] Error 1
make[1]: Leaving directory '/share/rgbd_slam_lecture/BundleAdjustment/build/CMakeFiles/CMakeTmp'
Makefile:126: recipe for target 'cmTC_f2f82/fast' failed
make: *** [cmTC_f2f82/fast] Error 2


